<?xml version="1.0" encoding="UTF-8"?>
<beans xmlns="http://www.springframework.org/schema/beans"
	xmlns:xsi="http://www.w3.org/2001/XMLSchema-instance"
	xmlns:p="http://www.springframework.org/schema/p"
	xsi:schemaLocation="http://www.springframework.org/schema/beans http://www.springframework.org/schema/beans/spring-beans.xsd">

	<bean id="dataSource" class="com.mchange.v2.c3p0.ComboPooledDataSource" lazy-init="false">
		<property name="driverClass" value="com.mysql.jdbc.Driver"/>
		<property name="jdbcUrl" value="jdbc:mysql://localhost:3306/conxlogistics"/>
		<property name="user" value="root"/>
		<property name="password" value="root"/>
	</bean>

	<!-- 
	<bean class="awbtracker.jpa.TestDataPopulator" init-method="populate">
		<constructor-arg ref="dataSource"/>
		<constructor-arg value="file:../../db/db.sql"/>
	</bean>
	-->
</beans>